# JRE version: OpenJDK Runtime Environment Temurin-21.0.11+10 (21.0.11+10) (build 21.0.11+10-LTS)
# Java VM: OpenJDK 64-Bit Server VM Temurin-21.0.11+10 (21.0.11+10-LTS, mixed mode, sharing, tiered, compressed oops, compressed class ptrs, g1 gc, windows-amd64)
GC Precious Log:
 CardTable entry size: 512
 Card Set container configuration: InlinePtr #cards 5 size 8 Array Of Cards #cards 12 size 40 Howl #buckets 4 coarsen threshold 1843 Howl Bitmap #cards 512 size 80 coarsen threshold 460 Card regions per heap region 1 cards per card region 2048
 CPUs: 12 total, 12 available
 Memory: 7750M
 Large Page Support: Disabled
 NUMA Support: Disabled
 Compressed Oops: Enabled (32-bit)
 Heap Region Size: 1M
 Heap Min Capacity: 8M
 Heap Initial Capacity: 122M
 Heap Max Capacity: 2G
 Pre-touch: Disabled
 Parallel Workers: 10
 Concurrent Workers: 3
 Concurrent Refinement Workers: 10
 Periodic GC: Disabled
Heap:
 garbage-first heap   total 266240K, used 72807K [0x0000000080000000, 0x0000000100000000)
  region size 1024K, 1 young (1024K), 1 survivors (1024K)
 Metaspace       used 71975K, committed 75584K, reserved 1114112K
  class space    used 10119K, committed 11520K, reserved 1048576K
GC Heap History (20 events):
Event: 5353.720 GC heap after
{Heap after GC invocations=50 (full 0):
 garbage-first heap   total 141312K, used 66338K [0x0000000080000000, 0x0000000100000000)
  region size 1024K, 1 young (1024K), 1 survivors (1024K)
 Metaspace       used 71127K, committed 75520K, reserved 1114112K
  class space    used 9988K, committed 11520K, reserved 1048576K
}
Event: 5362.610 GC heap before
{Heap before GC invocations=50 (full 0):
 garbage-first heap   total 141312K, used 71458K [0x0000000080000000, 0x0000000100000000)
  region size 1024K, 6 young (6144K), 1 survivors (1024K)
 Metaspace       used 71514K, committed 75520K, reserved 1114112K
  class space    used 10080K, committed 11520K, reserved 1048576K
}
Event: 5364.430 GC heap after
{Heap after GC invocations=51 (full 0):
 garbage-first heap   total 141312K, used 66073K [0x0000000080000000, 0x0000000100000000)
  region size 1024K, 1 young (1024K), 1 survivors (1024K)
 Metaspace       used 71514K, committed 75520K, reserved 1114112K
  class space    used 10080K, committed 11520K, reserved 1048576K
}
Event: 5367.608 GC heap before
{Heap before GC invocations=51 (full 0):
 garbage-first heap   total 141312K, used 71193K [0x0000000080000000, 0x0000000100000000)
  region size 1024K, 6 young (6144K), 1 survivors (1024K)
 Metaspace       used 71519K, committed 75520K, reserved 1114112K
  class space    used 10080K, committed 11520K, reserved 1048576K
}
Event: 5367.651 GC heap after
{Heap after GC invocations=52 (full 0):
 garbage-first heap   total 266240K, used 65637K [0x0000000080000000, 0x0000000100000000)
  region size 1024K, 1 young (1024K), 1 survivors (1024K)
 Metaspace       used 71519K, committed 75520K, reserved 1114112K
  class space    used 10080K, committed 11520K, reserved 1048576K
}
Event: 5367.878 GC heap before
{Heap before GC invocations=52 (full 0):
 garbage-first heap   total 266240K, used 77925K [0x0000000080000000, 0x0000000100000000)
  region size 1024K, 13 young (13312K), 1 survivors (1024K)
 Metaspace       used 71528K, committed 75520K, reserved 1114112K
  class space    used 10080K, committed 11520K, reserved 1048576K
}
Event: 5367.926 GC heap after
{Heap after GC invocations=53 (full 0):
 garbage-first heap   total 266240K, used 66414K [0x0000000080000000, 0x0000000100000000)
  region size 1024K, 2 young (2048K), 2 survivors (2048K)
 Metaspace       used 71528K, committed 75520K, reserved 1114112K
  class space    used 10080K, committed 11520K, reserved 1048576K
}
Event: 5368.430 GC heap before
{Heap before GC invocations=53 (full 0):
 garbage-first heap   total 266240K, used 77678K [0x0000000080000000, 0x0000000100000000)
  region size 1024K, 13 young (13312K), 2 survivors (2048K)
 Metaspace       used 71545K, committed 75520K, reserved 1114112K
  class space    used 10082K, committed 11520K, reserved 1048576K
}
Event: 5368.473 GC heap after
{Heap after GC invocations=54 (full 0):
 garbage-first heap   total 266240K, used 67299K [0x0000000080000000, 0x0000000100000000)
  region size 1024K, 2 young (2048K), 2 survivors (2048K)
 Metaspace       used 71545K, committed 75520K, reserved 1114112K
  class space    used 10082K, committed 11520K, reserved 1048576K
}
Event: 5370.211 GC heap before
{Heap before GC invocations=55 (full 0):
 garbage-first heap   total 229376K, used 76515K [0x0000000080000000, 0x0000000100000000)
  region size 1024K, 11 young (11264K), 2 survivors (2048K)
 Metaspace       used 71653K, committed 75520K, reserved 1114112K
  class space    used 10088K, committed 11520K, reserved 1048576K
}
Event: 5371.221 GC heap after
{Heap after GC invocations=56 (full 0):
 garbage-first heap   total 229376K, used 68914K [0x0000000080000000, 0x0000000100000000)
  region size 1024K, 2 young (2048K), 2 survivors (2048K)
 Metaspace       used 71653K, committed 75520K, reserved 1114112K
  class space    used 10088K, committed 11520K, reserved 1048576K
}
Event: 5373.609 GC heap before
{Heap before GC invocations=56 (full 0):
 garbage-first heap   total 229376K, used 78130K [0x0000000080000000, 0x0000000100000000)
  region size 1024K, 11 young (11264K), 2 survivors (2048K)
 Metaspace       used 71782K, committed 75520K, reserved 1114112K
  class space    used 10088K, committed 11520K, reserved 1048576K
}
Event: 5373.626 GC heap after
{Heap after GC invocations=57 (full 0):
 garbage-first heap   total 229376K, used 71180K [0x0000000080000000, 0x0000000100000000)
  region size 1024K, 2 young (2048K), 2 survivors (2048K)
 Metaspace       used 71782K, committed 75520K, reserved 1114112K
  class space    used 10088K, committed 11520K, reserved 1048576K
}
Event: 5375.393 GC heap before
{Heap before GC invocations=57 (full 0):
 garbage-first heap   total 229376K, used 80396K [0x0000000080000000, 0x0000000100000000)
  region size 1024K, 11 young (11264K), 2 survivors (2048K)
 Metaspace       used 71884K, committed 75584K, reserved 1114112K
  class space    used 10106K, committed 11520K, reserved 1048576K
}
Event: 5375.547 GC heap after
{Heap after GC invocations=58 (full 0):
 garbage-first heap   total 229376K, used 71795K [0x0000000080000000, 0x0000000100000000)
  region size 1024K, 2 young (2048K), 2 survivors (2048K)
 Metaspace       used 71884K, committed 75584K, reserved 1114112K
  class space    used 10106K, committed 11520K, reserved 1048576K
}
Event: 5376.583 GC heap before
{Heap before GC invocations=58 (full 0):
 garbage-first heap   total 229376K, used 81011K [0x0000000080000000, 0x0000000100000000)
  region size 1024K, 11 young (11264K), 2 survivors (2048K)
 Metaspace       used 71962K, committed 75584K, reserved 1114112K
  class space    used 10116K, committed 11520K, reserved 1048576K
}
Event: 5376.594 GC heap after
{Heap after GC invocations=59 (full 0):
 garbage-first heap   total 229376K, used 72343K [0x0000000080000000, 0x0000000100000000)
  region size 1024K, 2 young (2048K), 2 survivors (2048K)
 Metaspace       used 71962K, committed 75584K, reserved 1114112K
  class space    used 10116K, committed 11520K, reserved 1048576K
}
Event: 5376.632 GC heap before
{Heap before GC invocations=59 (full 0):
 garbage-first heap   total 229376K, used 81559K [0x0000000080000000, 0x0000000100000000)
  region size 1024K, 11 young (11264K), 2 survivors (2048K)
 Metaspace       used 71972K, committed 75584K, reserved 1114112K
  class space    used 10118K, committed 11520K, reserved 1048576K
}
Event: 5376.642 GC heap after
{Heap after GC invocations=60 (full 0):
 garbage-first heap   total 229376K, used 72367K [0x0000000080000000, 0x0000000100000000)
  region size 1024K, 2 young (2048K), 2 survivors (2048K)
 Metaspace       used 71972K, committed 75584K, reserved 1114112K
  class space    used 10118K, committed 11520K, reserved 1048576K
}
Event: 5376.673 GC heap before
{Heap before GC invocations=60 (full 0):
 garbage-first heap   total 229376K, used 81583K [0x0000000080000000, 0x0000000100000000)
  region size 1024K, 11 young (11264K), 2 survivors (2048K)
 Metaspace       used 71975K, committed 75584K, reserved 1114112K
  class space    used 10119K, committed 11520K, reserved 1048576K
}

