# JRE version: OpenJDK Runtime Environment Temurin-21.0.11+10 (21.0.11+10) (build 21.0.11+10-LTS)
# Java VM: OpenJDK 64-Bit Server VM Temurin-21.0.11+10 (21.0.11+10-LTS, mixed mode, sharing, tiered, compressed oops, compressed class ptrs, parallel gc, windows-amd64)
GC Precious Log:
 CardTable entry size: 512
 CPUs: 12 total, 12 available
 Memory: 7750M
 Large Page Support: Disabled
 NUMA Support: Disabled
 Compressed Oops: Enabled (32-bit)
 Alignments: Space 512K, Generation 512K, Heap 2M
 Heap Min Capacity: 100M
 Heap Initial Capacity: 100M
 Heap Max Capacity: 2G
 Pre-touch: Disabled
 Parallel Workers: 10
Heap:
 PSYoungGen      total 13312K, used 10878K [0x00000000d5580000, 0x00000000d6700000, 0x0000000100000000)
  eden space 12800K, 80% used [0x00000000d5580000,0x00000000d5f9fe00,0x00000000d6200000)
  from space 512K, 99% used [0x00000000d6600000,0x00000000d667fb28,0x00000000d6680000)
  to   space 512K, 0% used [0x00000000d6680000,0x00000000d6680000,0x00000000d6700000)
 ParOldGen       total 74752K, used 74527K [0x0000000080000000, 0x0000000084900000, 0x00000000d5580000)
  object space 74752K, 99% used [0x0000000080000000,0x00000000848c7ca0,0x0000000084900000)
 Metaspace       used 77684K, committed 79360K, reserved 1179648K
  class space    used 9311K, committed 10048K, reserved 1048576K
GC Heap History (20 events):
Event: 110.474 GC heap before
{Heap before GC invocations=55 (full 3):
 PSYoungGen      total 14336K, used 13988K [0x00000000d5580000, 0x00000000d6500000, 0x0000000100000000)
  eden space 12800K, 100% used [0x00000000d5580000,0x00000000d6200000,0x00000000d6200000)
  from space 1536K, 77% used [0x00000000d6200000,0x00000000d6329320,0x00000000d6380000)
  to   space 1536K, 0% used [0x00000000d6380000,0x00000000d6380000,0x00000000d6500000)
 ParOldGen       total 68608K, used 66184K [0x0000000080000000, 0x0000000084300000, 0x00000000d5580000)
  object space 68608K, 96% used [0x0000000080000000,0x00000000840a2168,0x0000000084300000)
 Metaspace       used 70886K, committed 72448K, reserved 1114112K
  class space    used 8203K, committed 8896K, reserved 1048576K
}
Event: 110.502 GC heap after
{Heap after GC invocations=55 (full 3):
 PSYoungGen      total 13824K, used 768K [0x00000000d5580000, 0x00000000d6480000, 0x0000000100000000)
  eden space 12800K, 0% used [0x00000000d5580000,0x00000000d5580000,0x00000000d6200000)
  from space 1024K, 75% used [0x00000000d6380000,0x00000000d6440000,0x00000000d6480000)
  to   space 1024K, 0% used [0x00000000d6280000,0x00000000d6280000,0x00000000d6380000)
 ParOldGen       total 68608K, used 66992K [0x0000000080000000, 0x0000000084300000, 0x00000000d5580000)
  object space 68608K, 97% used [0x0000000080000000,0x000000008416c1d8,0x0000000084300000)
 Metaspace       used 70886K, committed 72448K, reserved 1114112K
  class space    used 8203K, committed 8896K, reserved 1048576K
}
Event: 112.051 GC heap before
{Heap before GC invocations=56 (full 3):
 PSYoungGen      total 13824K, used 13568K [0x00000000d5580000, 0x00000000d6480000, 0x0000000100000000)
  eden space 12800K, 100% used [0x00000000d5580000,0x00000000d6200000,0x00000000d6200000)
  from space 1024K, 75% used [0x00000000d6380000,0x00000000d6440000,0x00000000d6480000)
  to   space 1024K, 0% used [0x00000000d6280000,0x00000000d6280000,0x00000000d6380000)
 ParOldGen       total 68608K, used 66992K [0x0000000080000000, 0x0000000084300000, 0x00000000d5580000)
  object space 68608K, 97% used [0x0000000080000000,0x000000008416c1d8,0x0000000084300000)
 Metaspace       used 71345K, committed 72896K, reserved 1114112K
  class space    used 8263K, committed 8960K, reserved 1048576K
}
Event: 112.051 GC heap after
{Heap after GC invocations=56 (full 3):
 PSYoungGen      total 13312K, used 512K [0x00000000d5580000, 0x00000000d6400000, 0x0000000100000000)
  eden space 12800K, 0% used [0x00000000d5580000,0x00000000d5580000,0x00000000d6200000)
  from space 512K, 100% used [0x00000000d6280000,0x00000000d6300000,0x00000000d6300000)
  to   space 1024K, 0% used [0x00000000d6300000,0x00000000d6300000,0x00000000d6400000)
 ParOldGen       total 68608K, used 67550K [0x0000000080000000, 0x0000000084300000, 0x00000000d5580000)
  object space 68608K, 98% used [0x0000000080000000,0x00000000841f7860,0x0000000084300000)
 Metaspace       used 71345K, committed 72896K, reserved 1114112K
  class space    used 8263K, committed 8960K, reserved 1048576K
}
Event: 112.301 GC heap before
{Heap before GC invocations=57 (full 3):
 PSYoungGen      total 13312K, used 13312K [0x00000000d5580000, 0x00000000d6400000, 0x0000000100000000)
  eden space 12800K, 100% used [0x00000000d5580000,0x00000000d6200000,0x00000000d6200000)
  from space 512K, 100% used [0x00000000d6280000,0x00000000d6300000,0x00000000d6300000)
  to   space 1024K, 0% used [0x00000000d6300000,0x00000000d6300000,0x00000000d6400000)
 ParOldGen       total 68608K, used 67550K [0x0000000080000000, 0x0000000084300000, 0x00000000d5580000)
  object space 68608K, 98% used [0x0000000080000000,0x00000000841f7860,0x0000000084300000)
 Metaspace       used 71365K, committed 72896K, reserved 1114112K
  class space    used 8263K, committed 8960K, reserved 1048576K
}
Event: 112.301 GC heap after
{Heap after GC invocations=57 (full 3):
 PSYoungGen      total 13824K, used 544K [0x00000000d5580000, 0x00000000d6400000, 0x0000000100000000)
  eden space 12800K, 0% used [0x00000000d5580000,0x00000000d5580000,0x00000000d6200000)
  from space 1024K, 53% used [0x00000000d6300000,0x00000000d6388000,0x00000000d6400000)
  to   space 1024K, 0% used [0x00000000d6200000,0x00000000d6200000,0x00000000d6300000)
 ParOldGen       total 68608K, used 67871K [0x0000000080000000, 0x0000000084300000, 0x00000000d5580000)
  object space 68608K, 98% used [0x0000000080000000,0x0000000084247c00,0x0000000084300000)
 Metaspace       used 71365K, committed 72896K, reserved 1114112K
  class space    used 8263K, committed 8960K, reserved 1048576K
}
Event: 112.712 GC heap before
{Heap before GC invocations=58 (full 3):
 PSYoungGen      total 13824K, used 13344K [0x00000000d5580000, 0x00000000d6400000, 0x0000000100000000)
  eden space 12800K, 100% used [0x00000000d5580000,0x00000000d6200000,0x00000000d6200000)
  from space 1024K, 53% used [0x00000000d6300000,0x00000000d6388000,0x00000000d6400000)
  to   space 1024K, 0% used [0x00000000d6200000,0x00000000d6200000,0x00000000d6300000)
 ParOldGen       total 68608K, used 67871K [0x0000000080000000, 0x0000000084300000, 0x00000000d5580000)
  object space 68608K, 98% used [0x0000000080000000,0x0000000084247c00,0x0000000084300000)
 Metaspace       used 71368K, committed 72896K, reserved 1114112K
  class space    used 8263K, committed 8960K, reserved 1048576K
}
Event: 112.713 GC heap after
{Heap after GC invocations=58 (full 3):
 PSYoungGen      total 13824K, used 544K [0x00000000d5580000, 0x00000000d6400000, 0x0000000100000000)
  eden space 12800K, 0% used [0x00000000d5580000,0x00000000d5580000,0x00000000d6200000)
  from space 1024K, 53% used [0x00000000d6200000,0x00000000d6288000,0x00000000d6300000)
  to   space 1024K, 0% used [0x00000000d6300000,0x00000000d6300000,0x00000000d6400000)
 ParOldGen       total 68608K, used 68199K [0x0000000080000000, 0x0000000084300000, 0x00000000d5580000)
  object space 68608K, 99% used [0x0000000080000000,0x0000000084299c00,0x0000000084300000)
 Metaspace       used 71368K, committed 72896K, reserved 1114112K
  class space    used 8263K, committed 8960K, reserved 1048576K
}
Event: 113.157 GC heap before
{Heap before GC invocations=59 (full 3):
 PSYoungGen      total 13824K, used 13344K [0x00000000d5580000, 0x00000000d6400000, 0x0000000100000000)
  eden space 12800K, 100% used [0x00000000d5580000,0x00000000d6200000,0x00000000d6200000)
  from space 1024K, 53% used [0x00000000d6200000,0x00000000d6288000,0x00000000d6300000)
  to   space 1024K, 0% used [0x00000000d6300000,0x00000000d6300000,0x00000000d6400000)
 ParOldGen       total 68608K, used 68199K [0x0000000080000000, 0x0000000084300000, 0x00000000d5580000)
  object space 68608K, 99% used [0x0000000080000000,0x0000000084299c00,0x0000000084300000)
 Metaspace       used 71369K, committed 72896K, reserved 1114112K
  class space    used 8263K, committed 8960K, reserved 1048576K
}
Event: 113.158 GC heap after
{Heap after GC invocations=59 (full 3):
 PSYoungGen      total 13824K, used 718K [0x00000000d5580000, 0x00000000d6400000, 0x0000000100000000)
  eden space 12800K, 0% used [0x00000000d5580000,0x00000000d5580000,0x00000000d6200000)
  from space 1024K, 70% used [0x00000000d6300000,0x00000000d63b3ae0,0x00000000d6400000)
  to   space 1024K, 0% used [0x00000000d6200000,0x00000000d6200000,0x00000000d6300000)
 ParOldGen       total 68608K, used 68567K [0x0000000080000000, 0x0000000084300000, 0x00000000d5580000)
  object space 68608K, 99% used [0x0000000080000000,0x00000000842f5c00,0x0000000084300000)
 Metaspace       used 71369K, committed 72896K, reserved 1114112K
  class space    used 8263K, committed 8960K, reserved 1048576K
}
Event: 114.493 GC heap before
{Heap before GC invocations=60 (full 3):
 PSYoungGen      total 13824K, used 13518K [0x00000000d5580000, 0x00000000d6400000, 0x0000000100000000)
  eden space 12800K, 100% used [0x00000000d5580000,0x00000000d6200000,0x00000000d6200000)
  from space 1024K, 70% used [0x00000000d6300000,0x00000000d63b3ae0,0x00000000d6400000)
  to   space 1024K, 0% used [0x00000000d6200000,0x00000000d6200000,0x00000000d6300000)
 ParOldGen       total 68608K, used 68567K [0x0000000080000000, 0x0000000084300000, 0x00000000d5580000)
  object space 68608K, 99% used [0x0000000080000000,0x00000000842f5c00,0x0000000084300000)
 Metaspace       used 71425K, committed 72960K, reserved 1114112K
  class space    used 8270K, committed 8960K, reserved 1048576K
}
Event: 114.495 GC heap after
{Heap after GC invocations=60 (full 3):
 PSYoungGen      total 13824K, used 1019K [0x00000000d5580000, 0x00000000d6c00000, 0x0000000100000000)
  eden space 12800K, 0% used [0x00000000d5580000,0x00000000d5580000,0x00000000d6200000)
  from space 1024K, 99% used [0x00000000d6200000,0x00000000d62fedf0,0x00000000d6300000)
  to   space 5120K, 0% used [0x00000000d6700000,0x00000000d6700000,0x00000000d6c00000)
 ParOldGen       total 72192K, used 71835K [0x0000000080000000, 0x0000000084680000, 0x00000000d5580000)
  object space 72192K, 99% used [0x0000000080000000,0x0000000084626fe8,0x0000000084680000)
 Metaspace       used 71425K, committed 72960K, reserved 1114112K
  class space    used 8270K, committed 8960K, reserved 1048576K
}
Event: 115.675 GC heap before
{Heap before GC invocations=61 (full 3):
 PSYoungGen      total 13824K, used 13819K [0x00000000d5580000, 0x00000000d6c00000, 0x0000000100000000)
  eden space 12800K, 100% used [0x00000000d5580000,0x00000000d6200000,0x00000000d6200000)
  from space 1024K, 99% used [0x00000000d6200000,0x00000000d62fedf0,0x00000000d6300000)
  to   space 5120K, 0% used [0x00000000d6700000,0x00000000d6700000,0x00000000d6c00000)
 ParOldGen       total 72192K, used 71835K [0x0000000080000000, 0x0000000084680000, 0x00000000d5580000)
  object space 72192K, 99% used [0x0000000080000000,0x0000000084626fe8,0x0000000084680000)
 Metaspace       used 72232K, committed 73792K, reserved 1114112K
  class space    used 8445K, committed 9152K, reserved 1048576K
}
Event: 115.676 GC heap after
{Heap after GC invocations=61 (full 3):
 PSYoungGen      total 13824K, used 752K [0x00000000d5580000, 0x00000000d6800000, 0x0000000100000000)
  eden space 12800K, 0% used [0x00000000d5580000,0x00000000d5580000,0x00000000d6200000)
  from space 1024K, 73% used [0x00000000d6700000,0x00000000d67bc010,0x00000000d6800000)
  to   space 2048K, 0% used [0x00000000d6400000,0x00000000d6400000,0x00000000d6600000)
 ParOldGen       total 73216K, used 72855K [0x0000000080000000, 0x0000000084780000, 0x00000000d5580000)
  object space 73216K, 99% used [0x0000000080000000,0x0000000084725e60,0x0000000084780000)
 Metaspace       used 72232K, committed 73792K, reserved 1114112K
  class space    used 8445K, committed 9152K, reserved 1048576K
}
Event: 115.952 GC heap before
{Heap before GC invocations=62 (full 3):
 PSYoungGen      total 13824K, used 13552K [0x00000000d5580000, 0x00000000d6800000, 0x0000000100000000)
  eden space 12800K, 100% used [0x00000000d5580000,0x00000000d6200000,0x00000000d6200000)
  from space 1024K, 73% used [0x00000000d6700000,0x00000000d67bc010,0x00000000d6800000)
  to   space 2048K, 0% used [0x00000000d6400000,0x00000000d6400000,0x00000000d6600000)
 ParOldGen       total 73216K, used 72855K [0x0000000080000000, 0x0000000084780000, 0x00000000d5580000)
  object space 73216K, 99% used [0x0000000080000000,0x0000000084725e60,0x0000000084780000)
 Metaspace       used 73735K, committed 75328K, reserved 1179648K
  class space    used 8683K, committed 9408K, reserved 1048576K
}
Event: 115.953 GC heap after
{Heap after GC invocations=62 (full 3):
 PSYoungGen      total 14848K, used 512K [0x00000000d5580000, 0x00000000d6780000, 0x0000000100000000)
  eden space 12800K, 0% used [0x00000000d5580000,0x00000000d5580000,0x00000000d6200000)
  from space 2048K, 25% used [0x00000000d6400000,0x00000000d6480000,0x00000000d6600000)
  to   space 1024K, 0% used [0x00000000d6680000,0x00000000d6680000,0x00000000d6780000)
 ParOldGen       total 73728K, used 73455K [0x0000000080000000, 0x0000000084800000, 0x00000000d5580000)
  object space 73728K, 99% used [0x0000000080000000,0x00000000847bbe90,0x0000000084800000)
 Metaspace       used 73735K, committed 75328K, reserved 1179648K
  class space    used 8683K, committed 9408K, reserved 1048576K
}
Event: 116.282 GC heap before
{Heap before GC invocations=63 (full 3):
 PSYoungGen      total 14848K, used 13312K [0x00000000d5580000, 0x00000000d6780000, 0x0000000100000000)
  eden space 12800K, 100% used [0x00000000d5580000,0x00000000d6200000,0x00000000d6200000)
  from space 2048K, 25% used [0x00000000d6400000,0x00000000d6480000,0x00000000d6600000)
  to   space 1024K, 0% used [0x00000000d6680000,0x00000000d6680000,0x00000000d6780000)
 ParOldGen       total 73728K, used 73455K [0x0000000080000000, 0x0000000084800000, 0x00000000d5580000)
  object space 73728K, 99% used [0x0000000080000000,0x00000000847bbe90,0x0000000084800000)
 Metaspace       used 75049K, committed 76672K, reserved 1179648K
  class space    used 8923K, committed 9664K, reserved 1048576K
}
Event: 116.284 GC heap after
{Heap after GC invocations=63 (full 3):
 PSYoungGen      total 13312K, used 384K [0x00000000d5580000, 0x00000000d6700000, 0x0000000100000000)
  eden space 12800K, 0% used [0x00000000d5580000,0x00000000d5580000,0x00000000d6200000)
  from space 512K, 75% used [0x00000000d6680000,0x00000000d66e0000,0x00000000d6700000)
  to   space 512K, 0% used [0x00000000d6600000,0x00000000d6600000,0x00000000d6680000)
 ParOldGen       total 74240K, used 73815K [0x0000000080000000, 0x0000000084880000, 0x00000000d5580000)
  object space 74240K, 99% used [0x0000000080000000,0x0000000084815e90,0x0000000084880000)
 Metaspace       used 75049K, committed 76672K, reserved 1179648K
  class space    used 8923K, committed 9664K, reserved 1048576K
}
Event: 299.031 GC heap before
{Heap before GC invocations=64 (full 3):
 PSYoungGen      total 13312K, used 13184K [0x00000000d5580000, 0x00000000d6700000, 0x0000000100000000)
  eden space 12800K, 100% used [0x00000000d5580000,0x00000000d6200000,0x00000000d6200000)
  from space 512K, 75% used [0x00000000d6680000,0x00000000d66e0000,0x00000000d6700000)
  to   space 512K, 0% used [0x00000000d6600000,0x00000000d6600000,0x00000000d6680000)
 ParOldGen       total 74240K, used 73815K [0x0000000080000000, 0x0000000084880000, 0x00000000d5580000)
  object space 74240K, 99% used [0x0000000080000000,0x0000000084815e90,0x0000000084880000)
 Metaspace       used 76815K, committed 78464K, reserved 1179648K
  class space    used 9162K, committed 9920K, reserved 1048576K
}
Event: 299.270 GC heap after
{Heap after GC invocations=64 (full 3):
 PSYoungGen      total 13312K, used 510K [0x00000000d5580000, 0x00000000d6700000, 0x0000000100000000)
  eden space 12800K, 0% used [0x00000000d5580000,0x00000000d5580000,0x00000000d6200000)
  from space 512K, 99% used [0x00000000d6600000,0x00000000d667fb28,0x00000000d6680000)
  to   space 512K, 0% used [0x00000000d6680000,0x00000000d6680000,0x00000000d6700000)
 ParOldGen       total 74752K, used 74527K [0x0000000080000000, 0x0000000084900000, 0x00000000d5580000)
  object space 74752K, 99% used [0x0000000080000000,0x00000000848c7ca0,0x0000000084900000)
 Metaspace       used 76815K, committed 78464K, reserved 1179648K
  class space    used 9162K, committed 9920K, reserved 1048576K
}

